\BOOKMARK [1][-]{section.1}{Cel i zakres pracy}{}% 1
\BOOKMARK [1][-]{section.2}{Wstep}{}% 2
\BOOKMARK [2][-]{subsection.2.1}{Za\233ozenia dotyczace systemu}{section.2}% 3
\BOOKMARK [1][-]{section.3}{Realizacja tematu}{}% 4
\BOOKMARK [2][-]{subsection.3.1}{Koncepcja wykonania}{section.3}% 5
\BOOKMARK [2][-]{subsection.3.2}{Budowa systemu}{section.3}% 6
\BOOKMARK [2][-]{subsection.3.3}{Architektura}{section.3}% 7
\BOOKMARK [2][-]{subsection.3.4}{Wybrane technologie}{section.3}% 8
\BOOKMARK [2][-]{subsection.3.5}{NTP}{section.3}% 9
\BOOKMARK [3][-]{subsubsection.3.5.1}{Nginx}{subsection.3.5}% 10
\BOOKMARK [3][-]{subsubsection.3.5.2}{Memcached}{subsection.3.5}% 11
\BOOKMARK [3][-]{subsubsection.3.5.3}{Dependency Injection}{subsection.3.5}% 12
\BOOKMARK [3][-]{subsubsection.3.5.4}{Sprockets}{subsection.3.5}% 13
\BOOKMARK [3][-]{subsubsection.3.5.5}{Twitter Bootstrap}{subsection.3.5}% 14
\BOOKMARK [3][-]{subsubsection.3.5.6}{HAML}{subsection.3.5}% 15
\BOOKMARK [3][-]{subsubsection.3.5.7}{Backbone.js}{subsection.3.5}% 16
\BOOKMARK [2][-]{subsection.3.6}{Komunikacja}{section.3}% 17
\BOOKMARK [2][-]{subsection.3.7}{Uk\233ad pomiarowy}{section.3}% 18
\BOOKMARK [2][-]{subsection.3.8}{Implementacja}{section.3}% 19
\BOOKMARK [3][-]{subsubsection.3.8.1}{Aplikacja}{subsection.3.8}% 20
\BOOKMARK [4][-]{paragraph.3.8.1.1}{API}{subsubsection.3.8.1}% 21
\BOOKMARK [5][-]{subparagraph.3.8.1.1.1}{Contestants}{paragraph.3.8.1.1}% 22
\BOOKMARK [5][-]{subparagraph.3.8.1.1.2}{Contests}{paragraph.3.8.1.1}% 23
\BOOKMARK [4][-]{paragraph.3.8.1.2}{Warden}{subsubsection.3.8.1}% 24
\BOOKMARK [4][-]{paragraph.3.8.1.3}{Front-end}{subsubsection.3.8.1}% 25
\BOOKMARK [3][-]{subsubsection.3.8.2}{Worker}{subsection.3.8}% 26
\BOOKMARK [1][-]{section.4}{Spos\363b obs\233ugi}{}% 27
\BOOKMARK [1][-]{section.5}{Licencje Gem\363w}{}% 28
\BOOKMARK [2][-]{subsection.5.1}{Wykaz gem\363w}{section.5}% 29
\BOOKMARK [2][-]{subsection.5.2}{Tresci licencji}{section.5}% 30
\BOOKMARK [3][-]{subsubsection.5.2.1}{MIT}{subsection.5.2}% 31
\BOOKMARK [3][-]{subsubsection.5.2.2}{LGPLv3}{subsection.5.2}% 32
\BOOKMARK [3][-]{subsubsection.5.2.3}{Ruby}{subsection.5.2}% 33
\BOOKMARK [3][-]{subsubsection.5.2.4}{BSD-3}{subsection.5.2}% 34
\BOOKMARK [1][-]{section.6}{Summary}{}% 35
